<?xml version="1.0" encoding="UTF-8"?>
<!-- Generated by org.testng.reporters.JUnitXMLReporter -->
<testsuite ignored="0" hostname="LAPTOP-M19S2UE7" failures="0" tests="3" name="Default test" time="0.103" errors="0" timestamp="2024-07-06T23:07:44 IST">
  <testcase classname="com.testng.TestNGAttributes" name="test2" time="0.011"/>
  <testcase classname="com.testng.TestNGAttributes" name="test1" time="0.002"/>
  <testcase classname="com.testng.TestNGAttributes" name="test3" time="0.001"/>
</testsuite> <!-- Default test -->
