<?xml version="1.0" encoding="UTF-8"?>
<testng-results ignored="0" total="3" passed="3" failed="0" skipped="0">
  <reporter-output>
  </reporter-output>
  <suite started-at="2024-07-06T23:07:44 IST" name="Default suite" finished-at="2024-07-06T23:07:44 IST" duration-ms="103">
    <groups>
    </groups>
    <test started-at="2024-07-06T23:07:44 IST" name="Default test" finished-at="2024-07-06T23:07:44 IST" duration-ms="103">
      <class name="com.testng.TestNGAttributes">
        <test-method signature="test2()[pri:1, instance:com.testng.TestNGAttributes@6bedbc4d]" started-at="2024-07-06T23:07:44 IST" name="test2" description="Test method1" finished-at="2024-07-06T23:07:44 IST" duration-ms="11" status="PASS">
          <reporter-output>
          </reporter-output>
        </test-method> <!-- test2 -->
        <test-method signature="test1()[pri:2, instance:com.testng.TestNGAttributes@6bedbc4d]" started-at="2024-07-06T23:07:44 IST" name="test1" finished-at="2024-07-06T23:07:44 IST" duration-ms="2" status="PASS">
          <reporter-output>
          </reporter-output>
        </test-method> <!-- test1 -->
        <test-method signature="test3()[pri:0, instance:com.testng.TestNGAttributes@6bedbc4d]" started-at="2024-07-06T23:07:44 IST" name="test3" finished-at="2024-07-06T23:07:44 IST" depends-on-methods="com.testng.TestNGAttributes.test2, com.testng.TestNGAttributes.test1" duration-ms="1" status="PASS">
          <reporter-output>
          </reporter-output>
        </test-method> <!-- test3 -->
      </class> <!-- com.testng.TestNGAttributes -->
    </test> <!-- Default test -->
  </suite> <!-- Default suite -->
</testng-results>
